/* variable 'p' allocated 24 bytes of storage at offset 0 */
/* variable 's' allocated vreg 10 */
/* Function 'main' uses 24 bytes of memory and 11 virtual registers */
/* allocate machine register %rbx to variable 's' (vr10), rank is 2 */
	.section .text

	.globl main
main:
	enter    $24
	localaddr vr11<%r9>, $0
	add_q    vr13<%r8>, vr11<%r9>, $0
	add_q    vr17<%rcx>, vr13<%r8>, $0
	mov_b    (vr17<%cl>), $65
	add_q    vr25<%rdx>, vr13<%r8>, $1
	mov_b    (vr25<%dl>), $108
	add_q    vr33<%rsi>, vr13<%r8>, $2
	mov_b    (vr33<%sil>), $105
	add_q    vr41<%rcx>, vr13<%r8>, $3
	mov_b    (vr41<%cl>), $99
	add_q    vr49<%rdx>, vr13<%r8>, $4
	mov_b    (vr49<%dl>), $101
	add_q    vr57<%rsi>, vr13<%r8>, $5
	mov_b    (vr57<%sil>), $0
	add_q    vr61<%rcx>, vr11<%r9>, $20
	mov_l    (vr61<%ecx>), $43
	mov_q    vr1, vr13<%r8>
	call     print_str
	call     print_nl
	localaddr vr66<%r9>, $0
	add_q    vr68<%r8>, vr66<%r9>, $20
	mov_l    vr1, (vr68<%r8d>)
	call     print_i32
	call     print_nl
	mov_l    vr0, $0
	jmp      .Lmain_return
.Lmain_return:
	leave    $24
	ret      
