/* variable 'p' allocated 8 bytes of storage at offset 0 */
/* Function 'main' uses 8 bytes of memory and 10 virtual registers */
	.section .text

	.globl main
main:
	enter    $8
	localaddr vr10, $0
	mov_q    vr11, $0
	add_q    vr12, vr10, vr11
	mov_l    vr13, $2
	mov_l    (vr12), vr13
	localaddr vr14, $0
	mov_q    vr15, $4
	add_q    vr16, vr14, vr15
	mov_l    vr17, $3
	mov_l    (vr16), vr17
	localaddr vr18, $0
	mov_q    vr19, $0
	add_q    vr20, vr18, vr19
	localaddr vr21, $0
	mov_q    vr22, $4
	add_q    vr23, vr21, vr22
	mov_l    vr25, (vr20)
	mov_l    vr26, (vr23)
	add_l    vr24, vr25, vr26
	mov_l    vr0, vr24
	jmp      .Lmain_return
	jmp      .Lmain_return
.Lmain_return:
	leave    $8
	ret      
